\BOOKMARK [0][-]{chapter.1}{Introdu\347\343o}{}% 1
\BOOKMARK [1][-]{section.1.1}{Motiva\347\343o e Objetivos}{chapter.1}% 2
\BOOKMARK [1][-]{section.1.2}{Principais contribui\347\365es}{chapter.1}% 3
\BOOKMARK [1][-]{section.1.3}{Recursos utilizados}{chapter.1}% 4
\BOOKMARK [1][-]{section.1.4}{Organiza\347\343o do trabalho}{chapter.1}% 5
\BOOKMARK [0][-]{chapter.2}{Referencial Te\363rico}{}% 6
\BOOKMARK [1][-]{section.2.1}{API}{chapter.2}% 7
\BOOKMARK [1][-]{section.2.2}{Minera\347\343o de dados}{chapter.2}% 8
\BOOKMARK [1][-]{section.2.3}{Processamento de linguagem natural}{chapter.2}% 9
\BOOKMARK [1][-]{section.2.4}{An\341lise de sentimento}{chapter.2}% 10
\BOOKMARK [1][-]{section.2.5}{Naive Bayes}{chapter.2}% 11
\BOOKMARK [0][-]{chapter.3}{Proposta}{}% 12
\BOOKMARK [1][-]{section.3.1}{Trabalhos relacionados}{chapter.3}% 13
\BOOKMARK [1][-]{section.3.2}{Implementa\347\343o}{chapter.3}% 14
\BOOKMARK [2][-]{subsection.3.2.1}{Crawler}{section.3.2}% 15
\BOOKMARK [2][-]{subsection.3.2.2}{Classifica\347\343o}{section.3.2}% 16
\BOOKMARK [3][-]{subsubsection.3.2.2.1}{Algoritmo}{subsection.3.2.2}% 17
\BOOKMARK [3][-]{subsubsection.3.2.2.2}{Constru\347\343o da base de dados}{subsection.3.2.2}% 18
\BOOKMARK [3][-]{subsubsection.3.2.2.3}{Massa de treino}{subsection.3.2.2}% 19
\BOOKMARK [3][-]{subsubsection.3.2.2.4}{Massa de teste}{subsection.3.2.2}% 20
\BOOKMARK [2][-]{subsection.3.2.3}{Plataforma de an\341lise}{section.3.2}% 21
\BOOKMARK [0][-]{chapter.4}{Resultados e an\341lises}{}% 22
\BOOKMARK [1][-]{section.4.1}{Cen\341rios e par\342metros de teste}{chapter.4}% 23
\BOOKMARK [1][-]{section.4.2}{Experimentos realizados e resultados}{chapter.4}% 24
\BOOKMARK [0][-]{chapter.5}{Conclus\343o}{}% 25
\BOOKMARK [1][-]{section.5.1}{Trabalhos Futuros}{chapter.5}% 26
\BOOKMARK [0][-]{section.5.1}{Refer\352ncias}{}% 27
